<?xml version="1.0" encoding="UTF-8"?>
<!-- Generated by org.testng.reporters.JUnitXMLReporter -->
<testsuite hostname="IN2196867W4" ignored="0" name="Default test" tests="3" failures="0" timestamp="2021-04-08T18:19:05 IST" time="87.18" errors="0">
  <testcase name="loginandlogout" time="18.185" classname="sample.ProjectMAven.facebooklogin"/>
  <testcase name="loginandlogout" time="56.996" classname="sample.ProjectMAven.facebooklogin"/>
  <testcase name="loginandlogout" time="11.413" classname="sample.ProjectMAven.facebooklogin"/>
</testsuite> <!-- Default test -->
