<?xml version="1.0" encoding="UTF-8"?>
<!-- Generated by org.testng.reporters.JUnitXMLReporter -->
<testsuite hostname="IN2196867W4" ignored="0" name="Test" tests="3" failures="0" timestamp="2021-04-12T20:26:49 IST" time="57.869" errors="0">
  <testcase name="loginandlogout" time="19.283" classname="sample.ProjectMAven.facebooklogin"/>
  <testcase name="loginandlogout" time="18.463" classname="sample.ProjectMAven.facebooklogin"/>
  <testcase name="loginandlogout" time="19.427" classname="sample.ProjectMAven.facebooklogin"/>
</testsuite> <!-- Test -->
