<?xml version="1.0" encoding="UTF-8"?>
<!-- Generated by org.testng.reporters.JUnitXMLReporter -->
<testsuite hostname="IN2196867W4" ignored="0" name="Test" tests="3" failures="0" timestamp="2021-04-12T20:39:42 IST" time="69.977" errors="0">
  <testcase name="loginandlogout" time="29.082" classname="sample.ProjectMAven.facebooklogin"/>
  <testcase name="loginandlogout" time="21.215" classname="sample.ProjectMAven.facebooklogin"/>
  <testcase name="loginandlogout" time="18.094" classname="sample.ProjectMAven.facebooklogin"/>
</testsuite> <!-- Test -->
