<?xml version="1.0" encoding="UTF-8"?>
<testng-results skipped="0" failed="0" ignored="0" total="3" passed="3">
  <reporter-output>
  </reporter-output>
  <suite name="Suite" duration-ms="69977" started-at="2021-04-12T20:38:32 IST" finished-at="2021-04-12T20:39:42 IST">
    <groups>
      <group name="Sanity">
        <method signature="facebooklogin.loginandlogout(java.lang.String,java.lang.String)[pri:0, instance:sample.ProjectMAven.facebooklogin@30a3107a]" name="loginandlogout" class="sample.ProjectMAven.facebooklogin"/>
      </group> <!-- Sanity -->
    </groups>
    <test name="Test" duration-ms="69977" started-at="2021-04-12T20:38:32 IST" finished-at="2021-04-12T20:39:42 IST">
      <class name="sample.ProjectMAven.facebooklogin">
        <test-method status="PASS" signature="la()[pri:0, instance:sample.ProjectMAven.facebooklogin@30a3107a]" name="la" is-config="true" duration-ms="9165" started-at="2021-04-12T20:38:23 IST" finished-at="2021-04-12T20:38:32 IST">
          <reporter-output>
          </reporter-output>
        </test-method> <!-- la -->
        <test-method status="PASS" signature="loginandlogout(java.lang.String,java.lang.String)[pri:0, instance:sample.ProjectMAven.facebooklogin@30a3107a]" name="loginandlogout" duration-ms="29082" started-at="2021-04-12T20:38:33 IST" data-provider="multidata" finished-at="2021-04-12T20:39:03 IST">
          <params>
            <param index="0">
              <value>
                <![CDATA[kumar.sathish189@gmail.com]]>
              </value>
            </param>
            <param index="1">
              <value>
                <![CDATA[Admin@123]]>
              </value>
            </param>
          </params>
          <reporter-output>
          </reporter-output>
        </test-method> <!-- loginandlogout -->
        <test-method status="PASS" signature="loginandlogout(java.lang.String,java.lang.String)[pri:0, instance:sample.ProjectMAven.facebooklogin@30a3107a]" name="loginandlogout" duration-ms="21215" started-at="2021-04-12T20:39:03 IST" data-provider="multidata" finished-at="2021-04-12T20:39:24 IST">
          <params>
            <param index="0">
              <value>
                <![CDATA[kumar.sathish189@gmail.com]]>
              </value>
            </param>
            <param index="1">
              <value>
                <![CDATA[Admin@123]]>
              </value>
            </param>
          </params>
          <reporter-output>
          </reporter-output>
        </test-method> <!-- loginandlogout -->
        <test-method status="PASS" signature="loginandlogout(java.lang.String,java.lang.String)[pri:0, instance:sample.ProjectMAven.facebooklogin@30a3107a]" name="loginandlogout" duration-ms="18094" started-at="2021-04-12T20:39:24 IST" data-provider="multidata" finished-at="2021-04-12T20:39:42 IST">
          <params>
            <param index="0">
              <value>
                <![CDATA[kumar.sathish189@gmail.com]]>
              </value>
            </param>
            <param index="1">
              <value>
                <![CDATA[Admin@123]]>
              </value>
            </param>
          </params>
          <reporter-output>
          </reporter-output>
        </test-method> <!-- loginandlogout -->
        <test-method status="PASS" signature="teardown()[pri:0, instance:sample.ProjectMAven.facebooklogin@30a3107a]" name="teardown" is-config="true" duration-ms="3161" started-at="2021-04-12T20:39:42 IST" finished-at="2021-04-12T20:39:45 IST">
          <reporter-output>
          </reporter-output>
        </test-method> <!-- teardown -->
      </class> <!-- sample.ProjectMAven.facebooklogin -->
    </test> <!-- Test -->
  </suite> <!-- Suite -->
</testng-results>
