<?xml version="1.0" encoding="UTF-8"?>
<testsuite xmlns:xsi="http://www.w3.org/2001/XMLSchema-instance" xsi:noNamespaceSchemaLocation="https://maven.apache.org/surefire/maven-surefire-plugin/xsd/surefire-test-report-3.0.xsd" version="3.0" name="TestSuite" time="84.318" tests="3" errors="0" skipped="0" failures="0">
  <properties>
[...]
</properties>
  <testcase name="loginandlogout" classname="sample.ProjectMAven.facebooklogin" time="29.087"/>
  <testcase name="loginandlogout" classname="sample.ProjectMAven.facebooklogin" time="21.213"/>
  <testcase name="loginandlogout" classname="sample.ProjectMAven.facebooklogin" time="18.094"/>
</testsuite>