<?xml version="1.0" encoding="UTF-8"?>
<testng-results skipped="0" failed="0" ignored="0" total="3" passed="3">
  <reporter-output>
  </reporter-output>
  <suite name="Suite" duration-ms="57869" started-at="2021-04-12T20:25:51 IST" finished-at="2021-04-12T20:26:49 IST">
    <groups>
      <group name="Sanity">
        <method signature="facebooklogin.loginandlogout(java.lang.String,java.lang.String)[pri:0, instance:sample.ProjectMAven.facebooklogin@782663d3]" name="loginandlogout" class="sample.ProjectMAven.facebooklogin"/>
      </group> <!-- Sanity -->
    </groups>
    <test name="Test" duration-ms="57869" started-at="2021-04-12T20:25:51 IST" finished-at="2021-04-12T20:26:49 IST">
      <class name="sample.ProjectMAven.facebooklogin">
        <test-method status="PASS" signature="la()[pri:0, instance:sample.ProjectMAven.facebooklogin@782663d3]" name="la" is-config="true" duration-ms="8595" started-at="2021-04-12T20:25:43 IST" finished-at="2021-04-12T20:25:51 IST">
          <reporter-output>
          </reporter-output>
        </test-method> <!-- la -->
        <test-method status="PASS" signature="loginandlogout(java.lang.String,java.lang.String)[pri:0, instance:sample.ProjectMAven.facebooklogin@782663d3]" name="loginandlogout" duration-ms="19283" started-at="2021-04-12T20:25:52 IST" data-provider="multidata" finished-at="2021-04-12T20:26:11 IST">
          <params>
            <param index="0">
              <value>
                <![CDATA[kumar.sathish189@gmail.com]]>
              </value>
            </param>
            <param index="1">
              <value>
                <![CDATA[Admin@123]]>
              </value>
            </param>
          </params>
          <reporter-output>
          </reporter-output>
        </test-method> <!-- loginandlogout -->
        <test-method status="PASS" signature="loginandlogout(java.lang.String,java.lang.String)[pri:0, instance:sample.ProjectMAven.facebooklogin@782663d3]" name="loginandlogout" duration-ms="18463" started-at="2021-04-12T20:26:11 IST" data-provider="multidata" finished-at="2021-04-12T20:26:30 IST">
          <params>
            <param index="0">
              <value>
                <![CDATA[kumar.sathish189@gmail.com]]>
              </value>
            </param>
            <param index="1">
              <value>
                <![CDATA[Admin@123]]>
              </value>
            </param>
          </params>
          <reporter-output>
          </reporter-output>
        </test-method> <!-- loginandlogout -->
        <test-method status="PASS" signature="loginandlogout(java.lang.String,java.lang.String)[pri:0, instance:sample.ProjectMAven.facebooklogin@782663d3]" name="loginandlogout" duration-ms="19427" started-at="2021-04-12T20:26:30 IST" data-provider="multidata" finished-at="2021-04-12T20:26:49 IST">
          <params>
            <param index="0">
              <value>
                <![CDATA[kumar.sathish189@gmail.com]]>
              </value>
            </param>
            <param index="1">
              <value>
                <![CDATA[Admin@123]]>
              </value>
            </param>
          </params>
          <reporter-output>
          </reporter-output>
        </test-method> <!-- loginandlogout -->
        <test-method status="PASS" signature="teardown()[pri:0, instance:sample.ProjectMAven.facebooklogin@782663d3]" name="teardown" is-config="true" duration-ms="3059" started-at="2021-04-12T20:26:49 IST" finished-at="2021-04-12T20:26:52 IST">
          <reporter-output>
          </reporter-output>
        </test-method> <!-- teardown -->
      </class> <!-- sample.ProjectMAven.facebooklogin -->
    </test> <!-- Test -->
  </suite> <!-- Suite -->
</testng-results>
